Logfile initialized
[INFO] logfile = /Development/TitaniumStudio/qiproBlog/build.log
[DEBUG] /Users/pollo/Library/Application Support/Titanium/mobilesdk/osx/2.1.3.GA/android/builder.py simulator qiproBlog /Users/pollo/Documents/android-sdk-macosx /Development/TitaniumStudio/qiproBlog com.qipro.blog 3 HVGA 
[INFO] Building qiproBlog for Android ... one moment
[INFO] Titanium SDK version: 2.1.3 (10/02/12 16:16 15997d0)
[DEBUG] Waiting for device to be ready ...
[TRACE] adb devices returned 1 devices/emulators
[TRACE] adb devices returned 1 devices/emulators
[TRACE] adb devices returned 1 devices/emulators
[TRACE] adb devices returned 1 devices/emulators
[TRACE] adb devices returned 1 devices/emulators
[TRACE] adb devices returned 1 devices/emulators
[TRACE] adb devices returned 1 devices/emulators
[DEBUG] Device connected... (waited 30 seconds)
[DEBUG] waited 30.549846 seconds on emulator to get ready
[INFO] Waiting for the Android Emulator to become available
[DEBUG] com.qipro.blog installed? True
[INFO] Fastdev server running, deploying in Fastdev mode
[INFO] Copying CommonJS modules...
[INFO] Copying project resources..
[INFO] Detected change in tiapp.xml, or assets deleted. Forcing full re-build...
[TRACE] COPYING CREATED FILE: /Development/TitaniumStudio/qiproBlog/Resources/android/appicon.png => /Development/TitaniumStudio/qiproBlog/build/android/bin/assets/Resources/appicon.png
[TRACE] COPYING CREATED FILE: /Development/TitaniumStudio/qiproBlog/Resources/android/default.png => /Development/TitaniumStudio/qiproBlog/build/android/bin/assets/Resources/default.png
[TRACE] COPYING CREATED FILE: /Development/TitaniumStudio/qiproBlog/Resources/app.js => /Development/TitaniumStudio/qiproBlog/build/android/bin/assets/Resources/app.js
[TRACE] COPYING CREATED FILE: /Development/TitaniumStudio/qiproBlog/Resources/images/about2.png => /Development/TitaniumStudio/qiproBlog/build/android/bin/assets/Resources/images/about2.png
[TRACE] COPYING CREATED FILE: /Development/TitaniumStudio/qiproBlog/Resources/images/Background_01.png => /Development/TitaniumStudio/qiproBlog/build/android/bin/assets/Resources/images/Background_01.png
[TRACE] COPYING CREATED FILE: /Development/TitaniumStudio/qiproBlog/Resources/images/blog.png => /Development/TitaniumStudio/qiproBlog/build/android/bin/assets/Resources/images/blog.png
[TRACE] COPYING CREATED FILE: /Development/TitaniumStudio/qiproBlog/Resources/images/blog4.png => /Development/TitaniumStudio/qiproBlog/build/android/bin/assets/Resources/images/blog4.png
[TRACE] COPYING CREATED FILE: /Development/TitaniumStudio/qiproBlog/Resources/images/briefcase.png => /Development/TitaniumStudio/qiproBlog/build/android/bin/assets/Resources/images/briefcase.png
[TRACE] COPYING CREATED FILE: /Development/TitaniumStudio/qiproBlog/Resources/images/dark.png => /Development/TitaniumStudio/qiproBlog/build/android/bin/assets/Resources/images/dark.png
[TRACE] COPYING CREATED FILE: /Development/TitaniumStudio/qiproBlog/Resources/images/home.png => /Development/TitaniumStudio/qiproBlog/build/android/bin/assets/Resources/images/home.png
[TRACE] COPYING CREATED FILE: /Development/TitaniumStudio/qiproBlog/Resources/images/home2.png => /Development/TitaniumStudio/qiproBlog/build/android/bin/assets/Resources/images/home2.png
[TRACE] COPYING CREATED FILE: /Development/TitaniumStudio/qiproBlog/Resources/images/ios-linen.jpg => /Development/TitaniumStudio/qiproBlog/build/android/bin/assets/Resources/images/ios-linen.jpg
[TRACE] COPYING CREATED FILE: /Development/TitaniumStudio/qiproBlog/Resources/images/KS_nav_ui.png => /Development/TitaniumStudio/qiproBlog/build/android/bin/assets/Resources/images/KS_nav_ui.png
[TRACE] COPYING CREATED FILE: /Development/TitaniumStudio/qiproBlog/Resources/images/KS_nav_views.png => /Development/TitaniumStudio/qiproBlog/build/android/bin/assets/Resources/images/KS_nav_views.png
[TRACE] COPYING CREATED FILE: /Development/TitaniumStudio/qiproBlog/Resources/images/light.png => /Development/TitaniumStudio/qiproBlog/build/android/bin/assets/Resources/images/light.png
[TRACE] COPYING CREATED FILE: /Development/TitaniumStudio/qiproBlog/Resources/images/mostRecent.png => /Development/TitaniumStudio/qiproBlog/build/android/bin/assets/Resources/images/mostRecent.png
[TRACE] COPYING CREATED FILE: /Development/TitaniumStudio/qiproBlog/Resources/images/navRight.png => /Development/TitaniumStudio/qiproBlog/build/android/bin/assets/Resources/images/navRight.png
[TRACE] COPYING CREATED FILE: /Development/TitaniumStudio/qiproBlog/Resources/images/qprologo.png => /Development/TitaniumStudio/qiproBlog/build/android/bin/assets/Resources/images/qprologo.png
[TRACE] COPYING CREATED FILE: /Development/TitaniumStudio/qiproBlog/Resources/images/rightA2.png => /Development/TitaniumStudio/qiproBlog/build/android/bin/assets/Resources/images/rightA2.png
[TRACE] COPYING CREATED FILE: /Development/TitaniumStudio/qiproBlog/Resources/KS_nav_ui.png => /Development/TitaniumStudio/qiproBlog/build/android/bin/assets/Resources/KS_nav_ui.png
[TRACE] COPYING CREATED FILE: /Development/TitaniumStudio/qiproBlog/Resources/KS_nav_views.png => /Development/TitaniumStudio/qiproBlog/build/android/bin/assets/Resources/KS_nav_views.png
[TRACE] COPYING CREATED FILE: /Development/TitaniumStudio/qiproBlog/Resources/ui/common/ApplicationTabGroup.js => /Development/TitaniumStudio/qiproBlog/build/android/bin/assets/Resources/ui/common/ApplicationTabGroup.js
[TRACE] COPYING CREATED FILE: /Development/TitaniumStudio/qiproBlog/Resources/ui/handheld/ApplicationWindow.js => /Development/TitaniumStudio/qiproBlog/build/android/bin/assets/Resources/ui/handheld/ApplicationWindow.js
[TRACE] COPYING CREATED FILE: /Development/TitaniumStudio/qiproBlog/Resources/ui/tablet/ApplicationWindow.js => /Development/TitaniumStudio/qiproBlog/build/android/bin/assets/Resources/ui/tablet/ApplicationWindow.js
[TRACE] Generating Java Classes
[DEBUG] Processing Android resource drawables
[TRACE] COPYING FILE: /Development/TitaniumStudio/qiproBlog/Resources/android/images/res-long-land-hdpi/default.png => /Development/TitaniumStudio/qiproBlog/build/android/res/drawable-long-land-hdpi/default_d44e27d97b.png
[TRACE] COPYING FILE: /Development/TitaniumStudio/qiproBlog/Resources/android/images/res-long-land-ldpi/default.png => /Development/TitaniumStudio/qiproBlog/build/android/res/drawable-long-land-ldpi/default_d44e27d97b.png
[TRACE] COPYING FILE: /Development/TitaniumStudio/qiproBlog/Resources/android/images/res-long-port-hdpi/default.png => /Development/TitaniumStudio/qiproBlog/build/android/res/drawable-long-port-hdpi/default_d44e27d97b.png
[TRACE] COPYING FILE: /Development/TitaniumStudio/qiproBlog/Resources/android/images/res-long-port-ldpi/default.png => /Development/TitaniumStudio/qiproBlog/build/android/res/drawable-long-port-ldpi/default_d44e27d97b.png
[TRACE] COPYING FILE: /Development/TitaniumStudio/qiproBlog/Resources/android/images/res-notlong-land-hdpi/default.png => /Development/TitaniumStudio/qiproBlog/build/android/res/drawable-notlong-land-hdpi/default_d44e27d97b.png
[TRACE] COPYING FILE: /Development/TitaniumStudio/qiproBlog/Resources/android/images/res-notlong-land-ldpi/default.png => /Development/TitaniumStudio/qiproBlog/build/android/res/drawable-notlong-land-ldpi/default_d44e27d97b.png
[TRACE] COPYING FILE: /Development/TitaniumStudio/qiproBlog/Resources/android/images/res-notlong-land-mdpi/default.png => /Development/TitaniumStudio/qiproBlog/build/android/res/drawable-notlong-land-mdpi/default_d44e27d97b.png
[TRACE] COPYING FILE: /Development/TitaniumStudio/qiproBlog/Resources/android/images/res-notlong-port-hdpi/default.png => /Development/TitaniumStudio/qiproBlog/build/android/res/drawable-notlong-port-hdpi/default_d44e27d97b.png
[TRACE] COPYING FILE: /Development/TitaniumStudio/qiproBlog/Resources/android/images/res-notlong-port-ldpi/default.png => /Development/TitaniumStudio/qiproBlog/build/android/res/drawable-notlong-port-ldpi/default_d44e27d97b.png
[TRACE] COPYING FILE: /Development/TitaniumStudio/qiproBlog/Resources/android/images/res-notlong-port-mdpi/default.png => /Development/TitaniumStudio/qiproBlog/build/android/res/drawable-notlong-port-mdpi/default_d44e27d97b.png
[DEBUG] app stylesheet => /Development/TitaniumStudio/qiproBlog/build/android/gen/com/qipro/blog/ApplicationStylesheet.java
[DEBUG] copying app icon: /Development/TitaniumStudio/qiproBlog/build/android/bin/assets/Resources/appicon.png
[DEBUG] generating theme.xml
[DEBUG] found drawable-long-land-hdpi splash screen at /Development/TitaniumStudio/qiproBlog/Resources/android/images/res-long-land-hdpi/default.png
[DEBUG] copying /Development/TitaniumStudio/qiproBlog/Resources/android/images/res-long-land-hdpi/default.png splash screen to /Development/TitaniumStudio/qiproBlog/build/android/res/drawable-long-land-hdpi/background.png
[DEBUG] found drawable-long-land-ldpi splash screen at /Development/TitaniumStudio/qiproBlog/Resources/android/images/res-long-land-ldpi/default.png
[DEBUG] copying /Development/TitaniumStudio/qiproBlog/Resources/android/images/res-long-land-ldpi/default.png splash screen to /Development/TitaniumStudio/qiproBlog/build/android/res/drawable-long-land-ldpi/background.png
[DEBUG] found drawable-long-port-hdpi splash screen at /Development/TitaniumStudio/qiproBlog/Resources/android/images/res-long-port-hdpi/default.png
[DEBUG] copying /Development/TitaniumStudio/qiproBlog/Resources/android/images/res-long-port-hdpi/default.png splash screen to /Development/TitaniumStudio/qiproBlog/build/android/res/drawable-long-port-hdpi/background.png
[DEBUG] found drawable-long-port-ldpi splash screen at /Development/TitaniumStudio/qiproBlog/Resources/android/images/res-long-port-ldpi/default.png
[DEBUG] copying /Development/TitaniumStudio/qiproBlog/Resources/android/images/res-long-port-ldpi/default.png splash screen to /Development/TitaniumStudio/qiproBlog/build/android/res/drawable-long-port-ldpi/background.png
[DEBUG] found drawable-notlong-land-hdpi splash screen at /Development/TitaniumStudio/qiproBlog/Resources/android/images/res-notlong-land-hdpi/default.png
[DEBUG] copying /Development/TitaniumStudio/qiproBlog/Resources/android/images/res-notlong-land-hdpi/default.png splash screen to /Development/TitaniumStudio/qiproBlog/build/android/res/drawable-notlong-land-hdpi/background.png
[DEBUG] found drawable-notlong-land-ldpi splash screen at /Development/TitaniumStudio/qiproBlog/Resources/android/images/res-notlong-land-ldpi/default.png
[DEBUG] copying /Development/TitaniumStudio/qiproBlog/Resources/android/images/res-notlong-land-ldpi/default.png splash screen to /Development/TitaniumStudio/qiproBlog/build/android/res/drawable-notlong-land-ldpi/background.png
[DEBUG] found drawable-notlong-land-mdpi splash screen at /Development/TitaniumStudio/qiproBlog/Resources/android/images/res-notlong-land-mdpi/default.png
[DEBUG] copying /Development/TitaniumStudio/qiproBlog/Resources/android/images/res-notlong-land-mdpi/default.png splash screen to /Development/TitaniumStudio/qiproBlog/build/android/res/drawable-notlong-land-mdpi/background.png
[DEBUG] found drawable-notlong-port-hdpi splash screen at /Development/TitaniumStudio/qiproBlog/Resources/android/images/res-notlong-port-hdpi/default.png
[DEBUG] copying /Development/TitaniumStudio/qiproBlog/Resources/android/images/res-notlong-port-hdpi/default.png splash screen to /Development/TitaniumStudio/qiproBlog/build/android/res/drawable-notlong-port-hdpi/background.png
[DEBUG] found drawable-notlong-port-ldpi splash screen at /Development/TitaniumStudio/qiproBlog/Resources/android/images/res-notlong-port-ldpi/default.png
[DEBUG] copying /Development/TitaniumStudio/qiproBlog/Resources/android/images/res-notlong-port-ldpi/default.png splash screen to /Development/TitaniumStudio/qiproBlog/build/android/res/drawable-notlong-port-ldpi/background.png
[DEBUG] found drawable-notlong-port-mdpi splash screen at /Development/TitaniumStudio/qiproBlog/Resources/android/images/res-notlong-port-mdpi/default.png
[DEBUG] copying /Development/TitaniumStudio/qiproBlog/Resources/android/images/res-notlong-port-mdpi/default.png splash screen to /Development/TitaniumStudio/qiproBlog/build/android/res/drawable-notlong-port-mdpi/background.png
[DEBUG] found splash screen at /Development/TitaniumStudio/qiproBlog/build/android/bin/assets/Resources/default.png
[TRACE] Writing out AndroidManifest.xml
[DEBUG] adding /Development/TitaniumStudio/qiproBlog/build/android/gen/com/qipro/blog/ApplicationStylesheet.java to javac build list
[DEBUG] adding /Development/TitaniumStudio/qiproBlog/build/android/gen/com/qipro/blog/QiproblogActivity.java to javac build list
[DEBUG] adding /Development/TitaniumStudio/qiproBlog/build/android/gen/com/qipro/blog/QiproblogAppInfo.java to javac build list
[DEBUG] adding /Development/TitaniumStudio/qiproBlog/build/android/gen/com/qipro/blog/QiproblogApplication.java to javac build list
[DEBUG] adding /Development/TitaniumStudio/qiproBlog/build/android/gen/com/qipro/blog/R.java to javac build list
[DEBUG] Building Java Sources: "/Development/TitaniumStudio/qiproBlog/build/android/gen/com/qipro/blog/ApplicationStylesheet.java" "/Development/TitaniumStudio/qiproBlog/build/android/gen/com/qipro/blog/QiproblogActivity.java" "/Development/TitaniumStudio/qiproBlog/build/android/gen/com/qipro/blog/QiproblogAppInfo.java" "/Development/TitaniumStudio/qiproBlog/build/android/gen/com/qipro/blog/QiproblogApplication.java" "/Development/TitaniumStudio/qiproBlog/build/android/gen/com/qipro/blog/R.java"
[INFO] Waiting for SDCard to become available..
[INFO] Compiling Android Resources... This could take some time
[DEBUG] Android classes.dex built
[DEBUG] creating unsigned apk: /Development/TitaniumStudio/qiproBlog/build/android/bin/app-unsigned.apk
[DEBUG] from resource zip => assets/Resources/images/Background_01.png
[DEBUG] from resource zip => assets/Resources/images/KS_nav_ui.png
[DEBUG] from resource zip => assets/Resources/images/KS_nav_views.png
[DEBUG] from resource zip => assets/Resources/images/about2.png
[DEBUG] from resource zip => assets/Resources/images/blog.png
[DEBUG] from resource zip => assets/Resources/images/blog4.png
[DEBUG] from resource zip => assets/Resources/images/briefcase.png
[DEBUG] from resource zip => assets/Resources/images/dark.png
[DEBUG] from resource zip => assets/Resources/images/home.png
[DEBUG] from resource zip => assets/Resources/images/home2.png
[DEBUG] from resource zip => assets/Resources/images/ios-linen.jpg
[DEBUG] from resource zip => assets/Resources/images/light.png
[DEBUG] from resource zip => assets/Resources/images/mostRecent.png
[DEBUG] from resource zip => assets/Resources/images/navRight.png
[DEBUG] from resource zip => assets/Resources/images/qprologo.png
[DEBUG] from resource zip => assets/Resources/images/rightA2.png
[DEBUG] from resource zip => assets/Resources/ui/common/ApplicationTabGroup.js
[DEBUG] from resource zip => assets/Resources/ui/handheld/ApplicationWindow.js
[DEBUG] from resource zip => assets/Resources/ui/tablet/ApplicationWindow.js
[DEBUG] from resource zip => assets/Resources/KS_nav_ui.png
[DEBUG] from resource zip => assets/Resources/KS_nav_views.png
[DEBUG] from resource zip => assets/Resources/app.js
[DEBUG] from resource zip => assets/Resources/appicon.png
[DEBUG] from resource zip => assets/Resources/default.png
[DEBUG] from resource zip => assets/Resources/ti.cloud.js
[DEBUG] from resource zip => assets/app.json
[DEBUG] from resource zip => assets/index.json
[DEBUG] from resource zip => assets/tiapp.xml
[DEBUG] from resource zip => res/drawable/appicon.png
[DEBUG] from resource zip => res/drawable/background.png
[DEBUG] from resource zip => res/drawable/close.png
[DEBUG] from resource zip => res/drawable/facebook_login.png
[DEBUG] from resource zip => res/drawable/facebook_login_down.png
[DEBUG] from resource zip => res/drawable/facebook_login_wide.png
[DEBUG] from resource zip => res/drawable/facebook_login_wide_down.png
[DEBUG] from resource zip => res/drawable/facebook_logout.png
[DEBUG] from resource zip => res/drawable/facebook_logout_down.png
[DEBUG] from resource zip => res/layout/titanium_tabgroup.xml
[DEBUG] from resource zip => AndroidManifest.xml
[DEBUG] from resource zip => resources.arsc
[DEBUG] from resource zip => res/drawable-hdpi/close.png
[DEBUG] from resource zip => res/drawable-ldpi/close.png
[DEBUG] from resource zip => res/drawable-long-land-hdpi/background.png
[DEBUG] from resource zip => res/drawable-long-land-hdpi/default_d44e27d97b.png
[DEBUG] from resource zip => res/drawable-long-land-ldpi/background.png
[DEBUG] from resource zip => res/drawable-long-land-ldpi/default_d44e27d97b.png
[DEBUG] from resource zip => res/drawable-long-port-hdpi/background.png
[DEBUG] from resource zip => res/drawable-long-port-hdpi/default_d44e27d97b.png
[DEBUG] from resource zip => res/drawable-long-port-ldpi/background.png
[DEBUG] from resource zip => res/drawable-long-port-ldpi/default_d44e27d97b.png
[DEBUG] from resource zip => res/drawable-notlong-land-hdpi/background.png
[DEBUG] from resource zip => res/drawable-notlong-land-hdpi/default_d44e27d97b.png
[DEBUG] from resource zip => res/drawable-notlong-land-ldpi/background.png
[DEBUG] from resource zip => res/drawable-notlong-land-ldpi/default_d44e27d97b.png
[DEBUG] from resource zip => res/drawable-notlong-land-mdpi/background.png
[DEBUG] from resource zip => res/drawable-notlong-land-mdpi/default_d44e27d97b.png
[DEBUG] from resource zip => res/drawable-notlong-port-hdpi/background.png
[DEBUG] from resource zip => res/drawable-notlong-port-hdpi/default_d44e27d97b.png
[DEBUG] from resource zip => res/drawable-notlong-port-ldpi/background.png
[DEBUG] from resource zip => res/drawable-notlong-port-ldpi/default_d44e27d97b.png
[DEBUG] from resource zip => res/drawable-notlong-port-mdpi/background.png
[DEBUG] from resource zip => res/drawable-notlong-port-mdpi/default_d44e27d97b.png
[DEBUG] from JAR /Users/pollo/Library/Application Support/Titanium/mobilesdk/osx/2.1.3.GA/android/js.jar => org/mozilla/javascript/resources/Messages.properties
[DEBUG] from JAR /Users/pollo/Library/Application Support/Titanium/mobilesdk/osx/2.1.3.GA/android/js.jar => org/mozilla/javascript/resources/Messages_fr.properties
[DEBUG] from JAR /Users/pollo/Library/Application Support/Titanium/mobilesdk/osx/2.1.3.GA/android/js.jar => org/mozilla/javascript/tools/resources/Messages.properties
[DEBUG] from JAR /Users/pollo/Library/Application Support/Titanium/mobilesdk/osx/2.1.3.GA/android/titanium.jar => org/appcelerator/titanium/build.properties
[DEBUG] from JAR /Users/pollo/Library/Application Support/Titanium/mobilesdk/osx/2.1.3.GA/android/titanium.jar => org/appcelerator/titanium/res/drawable/background.png
[DEBUG] from JAR /Users/pollo/Library/Application Support/Titanium/mobilesdk/osx/2.1.3.GA/android/titanium.jar => org/appcelerator/titanium/res/drawable/btn_check_buttonless_on.png
[DEBUG] from JAR /Users/pollo/Library/Application Support/Titanium/mobilesdk/osx/2.1.3.GA/android/titanium.jar => org/appcelerator/titanium/res/drawable/btn_check_buttonless_on_18.png
[DEBUG] from JAR /Users/pollo/Library/Application Support/Titanium/mobilesdk/osx/2.1.3.GA/android/titanium.jar => org/appcelerator/titanium/res/drawable/btn_check_buttonless_on_48.png
[DEBUG] from JAR /Users/pollo/Library/Application Support/Titanium/mobilesdk/osx/2.1.3.GA/android/titanium.jar => org/appcelerator/titanium/res/drawable/btn_more.png
[DEBUG] from JAR /Users/pollo/Library/Application Support/Titanium/mobilesdk/osx/2.1.3.GA/android/titanium.jar => org/appcelerator/titanium/res/drawable/btn_more_18.png
[DEBUG] from JAR /Users/pollo/Library/Application Support/Titanium/mobilesdk/osx/2.1.3.GA/android/titanium.jar => org/appcelerator/titanium/res/drawable/btn_more_48.png
[DEBUG] from JAR /Users/pollo/Library/Application Support/Titanium/mobilesdk/osx/2.1.3.GA/android/titanium.jar => org/appcelerator/titanium/res/drawable/btn_picker_normal.9.png
[DEBUG] from JAR /Users/pollo/Library/Application Support/Titanium/mobilesdk/osx/2.1.3.GA/android/titanium.jar => org/appcelerator/titanium/res/drawable/btn_picker_pressed.9.png
[DEBUG] from JAR /Users/pollo/Library/Application Support/Titanium/mobilesdk/osx/2.1.3.GA/android/titanium.jar => org/appcelerator/titanium/res/drawable/btn_picker_selected.9.png
[DEBUG] from JAR /Users/pollo/Library/Application Support/Titanium/mobilesdk/osx/2.1.3.GA/android/titanium.jar => org/appcelerator/titanium/res/drawable/default_icon.png
[DEBUG] from JAR /Users/pollo/Library/Application Support/Titanium/mobilesdk/osx/2.1.3.GA/android/titanium.jar => org/appcelerator/titanium/res/drawable/photoDefault.png
[DEBUG] from JAR /Users/pollo/Library/Application Support/Titanium/mobilesdk/osx/2.1.3.GA/android/modules/titanium-facebook.jar => ti/modules/titanium/facebook/LICENSE
[DEBUG] from JAR /Users/pollo/Library/Application Support/Titanium/mobilesdk/osx/2.1.3.GA/android/thirdparty.jar => org/apache/Commons-NOTICE.txt
[DEBUG] from JAR /Users/pollo/Library/Application Support/Titanium/mobilesdk/osx/2.1.3.GA/android/thirdparty.jar => org/apache/HttpComponents-NOTICE.txt
[DEBUG] from JAR /Users/pollo/Library/Application Support/Titanium/mobilesdk/osx/2.1.3.GA/android/thirdparty.jar => org/apache/mime4j-NOTICE.txt
[DEBUG] from JAR /Users/pollo/Library/Application Support/Titanium/mobilesdk/osx/2.1.3.GA/android/modules/titanium-ui.jar => ti/modules/titanium/ui/widget/webview/binding.js
[DEBUG] from JAR /Users/pollo/Library/Application Support/Titanium/mobilesdk/osx/2.1.3.GA/android/modules/titanium-ui.jar => ti/modules/titanium/ui/widget/webview/binding.min.js
[DEBUG] from JAR /Users/pollo/Library/Application Support/Titanium/mobilesdk/osx/2.1.3.GA/android/modules/titanium-ui.jar => ti/modules/titanium/ui/widget/webview/json2.js
[DEBUG] from JAR /Users/pollo/Library/Application Support/Titanium/mobilesdk/osx/2.1.3.GA/android/modules/titanium-ui.jar => ti/modules/titanium/ui/widget/webview/polling.js
[DEBUG] from JAR /Users/pollo/Library/Application Support/Titanium/mobilesdk/osx/2.1.3.GA/android/modules/titanium-ui.jar => ti/modules/titanium/ui/widget/webview/polling.min.js
[DEBUG] installing native SDK libs
[DEBUG] Waiting for device to be ready ...
[TRACE] adb devices returned 1 devices/emulators
[DEBUG] Device connected... (waited 0 seconds)
[DEBUG] waited 0.023682 seconds on emulator to get ready
[INFO] Installing application on emulator
[INFO] Launching application ... qiproBlog
[TRACE] Launch output: Starting: Intent { act=android.intent.action.MAIN cat=[android.intent.category.LAUNCHER] flg=0x10200000 cmp=com.qipro.blog/.QiproblogActivity }

[INFO] Deployed qiproBlog ... Application should be running.
[INFO] Android Emulator has exited
